[debug] [2026-04-18T19:43:23.116Z] ----------------------------------------------------------------------
[debug] [2026-04-18T19:43:23.118Z] Command:       C:\Program Files\nodejs\node.exe D:\NPMStuff\node_modules\firebase-tools\lib\bin\firebase.js deploy --only firestore:indexes
[debug] [2026-04-18T19:43:23.119Z] CLI Version:   15.5.1
[debug] [2026-04-18T19:43:23.119Z] Platform:      win32
[debug] [2026-04-18T19:43:23.119Z] Node Version:  v25.6.1
[debug] [2026-04-18T19:43:23.119Z] Time:          Sun Apr 19 2026 00:43:23 GMT+0500 (Pakistan Standard Time)
[debug] [2026-04-18T19:43:23.119Z] ----------------------------------------------------------------------
[debug] 
[debug] [2026-04-18T19:43:24.119Z] > command requires scopes: ["email","openid","https://www.googleapis.com/auth/cloudplatformprojects.readonly","https://www.googleapis.com/auth/firebase","https://www.googleapis.com/auth/cloud-platform"]
[debug] [2026-04-18T19:43:24.119Z] > authorizing via signed-in user (pakstartupscommunity@gmail.com)
[debug] [2026-04-18T19:43:24.120Z] [iam] checking project pakstartups-749e2 for permissions ["datastore.indexes.create","datastore.indexes.delete","datastore.indexes.list","datastore.indexes.update","firebase.projects.get"]
[debug] [2026-04-18T19:43:24.120Z] Checked if tokens are valid: true, expires at: 1776544620394
[debug] [2026-04-18T19:43:24.120Z] Checked if tokens are valid: true, expires at: 1776544620394
[debug] [2026-04-18T19:43:24.121Z] >>> [apiv2][query] POST https://cloudresourcemanager.googleapis.com/v1/projects/pakstartups-749e2:testIamPermissions [none]
[debug] [2026-04-18T19:43:24.121Z] >>> [apiv2][(partial)header] POST https://cloudresourcemanager.googleapis.com/v1/projects/pakstartups-749e2:testIamPermissions  x-goog-user-project=pakstartups-749e2
[debug] [2026-04-18T19:43:24.121Z] >>> [apiv2][body] POST https://cloudresourcemanager.googleapis.com/v1/projects/pakstartups-749e2:testIamPermissions {"permissions":["datastore.indexes.create","datastore.indexes.delete","datastore.indexes.list","datastore.indexes.update","firebase.projects.get"]}
[debug] [2026-04-18T19:43:25.751Z] <<< [apiv2][status] POST https://cloudresourcemanager.googleapis.com/v1/projects/pakstartups-749e2:testIamPermissions 200
[debug] [2026-04-18T19:43:25.751Z] <<< [apiv2][body] POST https://cloudresourcemanager.googleapis.com/v1/projects/pakstartups-749e2:testIamPermissions {"permissions":["datastore.indexes.create","datastore.indexes.delete","datastore.indexes.list","datastore.indexes.update","firebase.projects.get"]}
[info] 
[info] === Deploying to 'pakstartups-749e2'...
[info] 
[info] i  deploying firestore 
[info] i  firestore: ensuring required API firestore.googleapis.com is enabled... 
[info] i  firestore: ensuring required API firestore.googleapis.com is enabled... 
[debug] [2026-04-18T19:43:25.754Z] Checked if tokens are valid: true, expires at: 1776544620394
[debug] [2026-04-18T19:43:25.754Z] Checked if tokens are valid: true, expires at: 1776544620394
[debug] [2026-04-18T19:43:25.754Z] >>> [apiv2][query] GET https://firestore.googleapis.com/v1/projects/pakstartups-749e2/databases/(default) [none]
[debug] [2026-04-18T19:43:27.697Z] <<< [apiv2][status] GET https://firestore.googleapis.com/v1/projects/pakstartups-749e2/databases/(default) 200
[debug] [2026-04-18T19:43:27.697Z] <<< [apiv2][body] GET https://firestore.googleapis.com/v1/projects/pakstartups-749e2/databases/(default) {"name":"projects/pakstartups-749e2/databases/(default)","uid":"eab5cb84-5e6f-4b0b-831c-1da5f85e1c4d","createTime":"2026-04-18T19:13:13.458694Z","updateTime":"2026-04-18T19:13:13.458694Z","locationId":"nam5","type":"FIRESTORE_NATIVE","concurrencyMode":"PESSIMISTIC","versionRetentionPeriod":"3600s","earliestVersionTime":"2026-04-18T19:13:13.458694Z","appEngineIntegrationMode":"DISABLED","keyPrefix":"s","pointInTimeRecoveryEnablement":"POINT_IN_TIME_RECOVERY_DISABLED","deleteProtectionState":"DELETE_PROTECTION_DISABLED","databaseEdition":"STANDARD","freeTier":true,"realtimeUpdatesMode":"REALTIME_UPDATES_MODE_ENABLED","etag":"IPHViLyU+JMDMKfnmt2N+JMD"}
[info] i  firestore: reading indexes from firestore.indexes.json... 
[info] i  cloud.firestore: checking firestore.rules for compilation errors... 
[debug] [2026-04-18T19:43:27.698Z] Checked if tokens are valid: true, expires at: 1776544620394
[debug] [2026-04-18T19:43:27.698Z] Checked if tokens are valid: true, expires at: 1776544620394
[debug] [2026-04-18T19:43:27.699Z] >>> [apiv2][query] POST https://firebaserules.googleapis.com/v1/projects/pakstartups-749e2:test [none]
[debug] [2026-04-18T19:43:27.699Z] >>> [apiv2][body] POST https://firebaserules.googleapis.com/v1/projects/pakstartups-749e2:test [omitted]
